2024-06-11T14:02:22  chore: tune defaults
2024-06-30T09:19:29  refactor: simplify helper
2024-07-26T16:36:36  chore: routine maintenance
2024-08-22T11:53:43  docs: clarify usage notes
2024-09-17T18:10:50  test: add edge case
2024-10-14T13:27:57  refactor: tidy internals
2024-11-02T08:44:04  fix: handle empty input gracefully
2024-11-29T15:01:11  perf: micro-optimization
2024-12-25T10:18:18  style: formatting
2025-01-21T17:35:25  chore: bump dev tooling
2025-02-16T12:52:32  docs: expand examples
2025-03-15T19:09:39  test: strengthen coverage
2025-04-03T14:26:46  chore: tune defaults
2025-04-30T09:43:53  refactor: simplify helper
2025-05-26T16:00:00  chore: routine maintenance
2025-06-22T11:17:07  docs: clarify usage notes
2025-07-18T18:34:14  test: add edge case
2025-08-13T13:51:21  refactor: tidy internals
2025-09-02T08:08:28  fix: handle empty input gracefully
2025-09-28T15:25:35  perf: micro-optimization
2025-10-25T10:42:42  style: formatting
2025-10-27T17:59:49  chore: bump dev tooling
2025-11-23T12:16:56  docs: expand examples
2026-01-05T19:33:03  test: strengthen coverage
2026-02-01T14:50:10  chore: tune defaults
2026-02-03T09:07:17  refactor: simplify helper
2026-03-02T16:24:24  chore: routine maintenance
2026-03-28T11:41:31  docs: clarify usage notes
